1599742855798:oscar -n
1599742898455:-N --name oscar
1599742906453:-N oscar
1599742926282:echo oscar
1599742947678:echo -N Adri
1599743300886:oscar
1599745158190:echo oscar
1599745281372:Oscar
1599745378205:echo
1599745390377:echo Adri
1599761039865:oscar
1599763048393:saludo oscar
1599763061693:saludo
1599763215868:saludo oscar
1599765305186:oscar
1599765313717:saludo Belinda
1599773307331:clear
1599773312346:help
1599773325237:clear
1599773336503:exit
1599773360558:clear
1599773368846:help
1599774391485:sampleTables
1599774423249:tableFormatterDemo
1599774431529:help
1599774442625:table
1599774450432:sample-tables
1599774672864:help
1599774686680:table-formatter-demo
1599774900512:help
1599774952147:hdelp
1599774956354:help
1600064171926:sample_caca
1600064177696:sample-caca
1600064922415:oscar
1600087159917:help
1600087165753:echo
1600087169188:echo oscar
1600087173366:saludo
1600087193936:stactrace
1600087200800:stacktrace
1600087213496:oscar
1600087218697:stacktrace
1600090767377:oscar
1600091773493:listar
1600092026970:eliminar 2
1600092032448:listar
1600092259122:listaer
1600092260721:listar
1600092265365:eliminar 2
1600092270769:listar
1600092361154:eliminar 2
1600092878526:eliminar 1
1600093109661:eliminar 2
1600093152229:listar
1600093225151:eliminar 2
1600093413110:listar
1600113172133:help
1600113178394:listar
1600117464250:insertar
1600117493623:help
1600117516968:saludo
1600117521510:saludo oscar
1600117525910:insertar
1600117533973:help
1600117537848:listar
1600117669245:eliminar
1600117685479:help eliminar
1600117696817:eliminar 0
1600117734498:listar
1600117746315:eliminar 0
1600117751987:listar
1600151445088:help
1600151451555:listar
1600151486833:inserta
1600151493394:insertar
1600153378656:listar
1600153382115:insertar
1600153437922:inseratr
1600153443696:insertar
1600176573923:help
1600177268725:insertar
1600177640583:listar
1600177647996:inserar
1600177651469:insertar
1600179167371:insertar --titulo limpiar la caca
1600179184090:insertar -t alkjsdjlasdha
1600179211064:listar
1600179290185:delete 2
1600179302177:eliminar 2
1600179306878:listar
1600179412771:insertar
1600179533267:insertar -t aljsdlashjdlkasjd
1600179626022:inserar -t "la caca"
1600179642005:insertar -t vgfff
1600179731321:insertar -t opfpjf
1600179797800:insertar -t pwiepsdof
1600179834510:inseratr -t laslaslsal
1600179851400:insertar -t apsdopaosdpas
1600179972845:insertar -t aljsdhahsdjh
1600180011377:insertar -t aisjdaiojsdoiajsdiad
1600180059124:insertar -t dlkfjslkdgklsdhf
1600180295966:insertar -t lasjdlashd
1600194536993:insertar -t tacata
1600194584103:insertar -t sdofosdf
1600194617475:insertar -t skdfjsjdf
1600194663754:insertar -t sdfsdfsdf
1600194709584:insertar -t hshdfsdf
1600194883422:insertar -t dfssdf
1600194919594:insertar -t sdfsdf
1600194968279:stacktrace
1600195118366:insertar -t sdfsdf
1600195135364:stacktrace
1600195313343:insertar -t sdfsdf
1600195322624:stacktrace
1600195432487:insertar -t sdfsdfs
1600202143008:help
